1
                 Chemistry at HARvard Macromolecular Mechanics
           (CHARMM) - Developmental Version 47a1     August 15, 2021            
                             Git commit ID 7bdc827                              
       Copyright(c) 1984-2020  President and Fellows of Harvard College
                              All Rights Reserved
  Current operating system: Linux-3.10.0-327.3.1.el7.x86_64(x86_64)@node004.c   
                 Created on  1/10/23 at 12:16:35 by user: yumzhang    

            Maximum number of ATOMS:    360720, and RESidues:      120240
 RDTITL> * GENERATE AN EXTENDED STRUCTURE
 RDTITL> *
  
 CHARMM>     
  
 CHARMM>    if @?segid eq 0 set segid = test
 Comparing "0" and "0".
 IF test evaluated as true.  Performing command
 Parameter: SEGID <- "TEST"
  
 CHARMM>    if @?pdbid eq 0 set pdbid = test
 Comparing "0" and "0".
 IF test evaluated as true.  Performing command
 Parameter: PDBID <- "TEST"
  
 CHARMM>     
  
 CHARMM>    set toppar = required
 Parameter: TOPPAR <- "REQUIRED"
  
 CHARMM>     
  
 CHARMM>    !HyRes2
 CHARMM>    read  rtf card name @toppar/top-idpcg-sasa.inp
 Parameter: TOPPAR -> "REQUIRED"
 VOPEN> Attempting to open::required/top-idpcg-sasa.inp::
 MAINIO> Residue topology file being read from unit  90.
 TITLE> * TOPOLOGY FILE FOR COARSE GRAINED PROTEINS
 TITLE> * ARG, LYS, ASP, GLU ARE CHARGED
 TITLE> *
 VCLOSE: Closing unit   90 with status "KEEP"
  
 CHARMM>    read para card name @toppar/param-idpcg-sasa.inp
 Parameter: TOPPAR -> "REQUIRED"
 VOPEN> Attempting to open::required/param-idpcg-sasa.inp::

          PARAMETER FILE BEING READ FROM UNIT 90
 TITLE> * PARAMETER FILE FOR COARSE GRAINED PROTEINS
 TITLE> * ARG, LYS, ASP, GLU IS NEUTRAL
 TITLE> *
 PARRDR> ERROR: Repeated torsion periodicity: INDEX   50 CODE 763212371 PERIODICITY  1     NH1 -C1E -A1Y -A2Y 
 PARRDR> ERROR: Repeated torsion periodicity: INDEX   42 CODE 743587394 PERIODICITY  1     NH1 -C1E -A1F -A2F 
 PARRDR> ERROR: Repeated torsion periodicity: INDEX   34 CODE 724218395 PERIODICITY  1     NH1 -C1E -A4H -P1H 
*****  WARNING  ***** PARRDR no nonbond parameters for atom type:  10  CT  
 NO nonbond interactions will be computed for this atom type.
 PARMIO> NONBOND, HBOND lists and IMAGE atoms cleared.
 VCLOSE: Closing unit   90 with status "KEEP"
  
 CHARMM>     
  
 CHARMM>    ! AMN and CBX are capping groups
 CHARMM>    !!You can read in any sequence as you like! generate IDP with their sequence.
 CHARMM>    read sequ card
 MAINIO> Sequence information being read from unit   5.
 RDTITL> * TEST
 RDTITL> *
  
 SEQRDR>    8
  
 SEQRDR>    AMN SER MET ALA GLU ASN GLN CBX

          RESIDUE SEQUENCE --     8 RESIDUES
          AMN SER MET ALA GLU ASN GLN CBX 
 ***** Message from SEQRDR ***** THE SYSTEM CONTAINS  1 TITRATABLE GROUPS
 THE USER MUST PREDETERMINE THE PROTONATION STATE THROUGH THE SEQUENCE AND RTF
 HIS -  0  HSD -  0  HSE -  0  HSP -  0  ASP -  0  GLU -  1  LYS -  0  TYR -  0
  
 CHARMM>     
  
 CHARMM>    bomlev -1
  
 CHARMM>    gene @segid setup warn
 Parameter: SEGID -> "TEST"
 NO PATCHING WILL BE DONE ON THE FIRST RESIDUE
 NO PATCHING WILL BE DONE ON THE LAST  RESIDUE
 GENPSF> Segment   1 has been generated. Its identifier is TEST.
 PSFSUM> PSF modified: NONBOND lists and IMAGE atoms cleared.
 PSFSUM> Summary of the structure file counters :
         Number of segments      =        1   Number of residues   =        8
         Number of atoms         =       42   Number of groups     =       21
         Number of bonds         =       41   Number of angles     =       60
         Number of dihedrals     =       76   Number of impropers  =       20
         Number of cross-terms   =        6
         Number of HB acceptors  =        7   Number of HB donors  =        7
         Number of NB exclusions =        0   Total charge =   -1.00000
  
 CHARMM>     
  
 CHARMM>    ic param
  
 CHARMM>    ic seed 2 N 2 CA 2 C
  
 CHARMM>    ic build
  
 CHARMM>    hbuild

      ***** LEVEL  4 WARNING FROM <GTHBUI> *****
      ***** Zero selection specified
      ******************************************
      BOMLEV ( -1) IS NOT REACHED. WRNLEV IS  5

  
 CHARMM>    bomlev 0
  
 CHARMM>     
  
 CHARMM>    ! ionc 0.15: for DH screening
 CHARMM>    NBOND atom switch cdie vdw vswitch -
 CHARMM>          cutnb 20.0 ctofnb 18.0 ctonnb 16.0 -
 CHARMM>          eps 20 ionc 0.15

 NONBOND OPTION FLAGS: 
     ELEC     VDW      ATOMs    CDIElec  SWITch   VATOm    VSWItch 
     BYGRoup  NOEXtnd  NOEWald 
 CUTNB  = 20.000 CTEXNB =999.000 CTONNB = 16.000 CTOFNB = 18.000
 CGONNB =  0.000 CGOFNB = 10.000
 WMIN   =  1.500 WRNMXD =  0.500 E14FAC =  0.400 EPS    = 20.000
 NBXMOD =      5 IONC   = 0.1500
 There are        0 atom  pairs and        0 atom  exclusions.
 There are        0 group pairs and        0 group exclusions.
 <MAKINB> with mode   5 found    101 exclusions and     76 interactions(1-4)
 <MAKGRP> found     51 group exclusions.
 Generating nonbond list with Exclusion mode = 5
 == PRIMARY == SPACE FOR      841 ATOM PAIRS AND        0 GROUP PAIRS

 General atom nonbond list generation found:
      719 ATOM PAIRS WERE FOUND FOR ATOM LIST
        6 GROUP PAIRS REQUIRED ATOM SEARCHES

  
 CHARMM>    nbond inbfrq -1

 NONBOND OPTION FLAGS: 
     ELEC     VDW      ATOMs    CDIElec  SWITch   VATOm    VSWItch 
     BYGRoup  NOEXtnd  NOEWald 
 CUTNB  = 20.000 CTEXNB =999.000 CTONNB = 16.000 CTOFNB = 18.000
 CGONNB =  0.000 CGOFNB = 10.000
 WMIN   =  1.500 WRNMXD =  0.500 E14FAC =  0.400 EPS    = 20.000
 NBXMOD =      5 IONC   = 0.1500
 There are      719 atom  pairs and      177 atom  exclusions.
 There are        0 group pairs and       51 group exclusions.
 Generating nonbond list with Exclusion mode = 5
 == PRIMARY == SPACE FOR      841 ATOM PAIRS AND        0 GROUP PAIRS

 General atom nonbond list generation found:
      719 ATOM PAIRS WERE FOUND FOR ATOM LIST
        6 GROUP PAIRS REQUIRED ATOM SEARCHES

  
 CHARMM>    hbond ihbfrq -1
 PRNHBD: CUToff Hydrogen Bond  distance =    6.0000   Angle =  100.0000
         CuT switching ON HB dist. =     4.0000  OFf HB dist. =    5.0000
         CuT switching ON Hb Angle =    90.0000  OFf Hb Angle =   90.0000
         NO ACceptor antecedents included
         All hydrogen bonds for each hydrogen will be found
         Hydrogen bonds between excluded atoms will be kept

 HBFIND-exclusions:     30 due to distance cutoff,       7 due to angle cutoff
 HBEDIT-deletions:       0 due to duplications,          0 due to best-option,
                         0 due to fixed atoms,           0 due to exclusions
 HBEDIT: currently    12 hydrogen bonds present
  
 CHARMM>    energy

 NONBOND OPTION FLAGS: 
     ELEC     VDW      ATOMs    CDIElec  SWITch   VATOm    VSWItch 
     BYGRoup  NOEXtnd  NOEWald 
 CUTNB  = 20.000 CTEXNB =999.000 CTONNB = 16.000 CTOFNB = 18.000
 CGONNB =  0.000 CGOFNB = 10.000
 WMIN   =  1.500 WRNMXD =  0.500 E14FAC =  0.400 EPS    = 20.000
 NBXMOD =      5 IONC   = 0.1500
 There are      719 atom  pairs and      177 atom  exclusions.
 There are        0 group pairs and       51 group exclusions.
 Generating nonbond list with Exclusion mode = 5
 == PRIMARY == SPACE FOR      841 ATOM PAIRS AND        0 GROUP PAIRS

 General atom nonbond list generation found:
      719 ATOM PAIRS WERE FOUND FOR ATOM LIST
        6 GROUP PAIRS REQUIRED ATOM SEARCHES

 PRNHBD: CUToff Hydrogen Bond  distance =    6.0000   Angle =  100.0000
         CuT switching ON HB dist. =     4.0000  OFf HB dist. =    5.0000
         CuT switching ON Hb Angle =    90.0000  OFf Hb Angle =   90.0000
         NO ACceptor antecedents included
         All hydrogen bonds for each hydrogen will be found
         Hydrogen bonds between excluded atoms will be kept

 HBFIND-exclusions:     30 due to distance cutoff,       7 due to angle cutoff
 HBEDIT-deletions:       0 due to duplications,          0 due to best-option,
                         0 due to fixed atoms,           0 due to exclusions
 HBEDIT: currently    12 hydrogen bonds present
ENER ENR:  Eval#     ENERgy      Delta-E         GRMS
ENER INTERN:          BONDs       ANGLes       UREY-b    DIHEdrals    IMPRopers
ENER EXTERN:        VDWaals         ELEC       HBONds          ASP         USER
 ----------       ---------    ---------    ---------    ---------    ---------
ENER>        0    161.55135      0.00000     35.15801
ENER INTERN>        0.00000      2.00348      0.00000      0.15000      1.76202
ENER EXTERN>      157.64581      0.00000     -0.00996      0.00000      0.00000
 ----------       ---------    ---------    ---------    ---------    ---------
  
 CHARMM>     
  
 CHARMM>    shake tolerance 1.0e-06 bonh param
 SHKCOM> SHAKE parameters: TOL =   0.1000D-05 MXITer =    500

               7 constraints will held by SHAKE.
  
 CHARMM>     
  
 CHARMM>    cons harm force 2.0 select .not. hydrogen end
 SELRPN>     35 atoms have been selected out of     42
 CSTRAN: Harmonic Restraints
          ABSOlute type as set number  1.  Number of selected atoms:     35
          Reference coordinates set to main coordinates.
          Mass weighting will NOT be used for new restraints.
          The force constant of       2.00000 will be used.
          An exponent of  2 will be used.
          The XYZ scale factors are:       1.00000       1.00000       1.00000
          A total of     35 atoms are restrained.
  
 CHARMM>    mini   sd  nstep 100 nprint 20 step 0.005

 NONBOND OPTION FLAGS: 
     ELEC     VDW      ATOMs    CDIElec  SWITch   VATOm    VSWItch 
     BYGRoup  NOEXtnd  NOEWald 
 CUTNB  = 20.000 CTEXNB =999.000 CTONNB = 16.000 CTOFNB = 18.000
 CGONNB =  0.000 CGOFNB = 10.000
 WMIN   =  1.500 WRNMXD =  0.500 E14FAC =  0.400 EPS    = 20.000
 NBXMOD =      5 IONC   = 0.1500
 There are      719 atom  pairs and      177 atom  exclusions.
 There are        0 group pairs and       51 group exclusions.
 Generating nonbond list with Exclusion mode = 5
 == PRIMARY == SPACE FOR      841 ATOM PAIRS AND        0 GROUP PAIRS

 General atom nonbond list generation found:
      719 ATOM PAIRS WERE FOUND FOR ATOM LIST
        6 GROUP PAIRS REQUIRED ATOM SEARCHES

 PRNHBD: CUToff Hydrogen Bond  distance =    6.0000   Angle =  100.0000
         CuT switching ON HB dist. =     4.0000  OFf HB dist. =    5.0000
         CuT switching ON Hb Angle =    90.0000  OFf Hb Angle =   90.0000
         NO ACceptor antecedents included
         All hydrogen bonds for each hydrogen will be found
         Hydrogen bonds between excluded atoms will be kept

 HBFIND-exclusions:     30 due to distance cutoff,       7 due to angle cutoff
 HBEDIT-deletions:       0 due to duplications,          0 due to best-option,
                         0 due to fixed atoms,           0 due to exclusions
 HBEDIT: currently    12 hydrogen bonds present


 STEEPD> An energy minimization has been requested.

 NSTEP  =          100   NPRINT =           20
 STEP   =    0.0050000   TOLFUN =    0.0000000
 TOLGRD =    0.0000000   TOLSTP =    0.0000000

MINI MIN: Cycle      ENERgy      Delta-E         GRMS    Step-size
MINI INTERN:          BONDs       ANGLes       UREY-b    DIHEdrals    IMPRopers
MINI EXTERN:        VDWaals         ELEC       HBONds          ASP         USER
 ----------       ---------    ---------    ---------    ---------    ---------
MINI>        0    161.55135      0.00000     35.15412      0.00500
MINI INTERN>        0.00000      2.00348      0.00000      0.15000      1.76202
MINI EXTERN>      157.64581      0.00000     -0.00996      0.00000      0.00000
 ----------       ---------    ---------    ---------    ---------    ---------
MINI>       20     44.09198    117.45937      2.39498      0.00241
MINI INTERN>        2.24464      4.36151      0.00000      0.69604      1.40514
MINI CROSS>        -0.00021      0.00000      0.00000      0.00000
MINI EXTERN>       33.01591      0.00000     -0.00567      0.00000      0.00000
MINI CONSTR>        2.37463      0.00000      0.00000      0.00000      0.00000
 ----------       ---------    ---------    ---------    ---------    ---------
MINI>       40     40.15921      3.93278      1.22255      0.00116
MINI INTERN>        2.29202      5.29438      0.00000      0.67541      1.36492
MINI CROSS>        -0.00011      0.00000      0.00000      0.00000
MINI EXTERN>       27.26112      0.00000     -0.01136      0.00000      0.00000
MINI CONSTR>        3.28281      0.00000      0.00000      0.00000      0.00000
 ----------       ---------    ---------    ---------    ---------    ---------
MINI>       60     38.24408      1.91512      1.21117      0.00134
MINI INTERN>        2.28313      5.37663      0.00000      0.67893      1.20013
MINI CROSS>        -0.00003      0.00000      0.00000      0.00000
MINI EXTERN>       24.83545      0.00000     -0.01562      0.00000      0.00000
MINI CONSTR>        3.88547      0.00000      0.00000      0.00000      0.00000
 ----------       ---------    ---------    ---------    ---------    ---------
MINI>       80     37.04540      1.19868      2.29917      0.00155
MINI INTERN>        2.35256      5.29608      0.00000      0.70656      1.06047
MINI CROSS>         0.00001      0.00000      0.00000      0.00000
MINI EXTERN>       23.29592      0.00000     -0.01737      0.00000      0.00000
MINI CONSTR>        4.35116      0.00000      0.00000      0.00000      0.00000
 ----------       ---------    ---------    ---------    ---------    ---------
MINI>      100     36.11138      0.93403      2.69974      0.00179
MINI INTERN>        2.38749      5.11363      0.00000      0.75034      0.94836
MINI CROSS>         0.00003      0.00000      0.00000      0.00000
MINI EXTERN>       22.17365      0.00000     -0.01801      0.00000      0.00000
MINI CONSTR>        4.75590      0.00000      0.00000      0.00000      0.00000
 ----------       ---------    ---------    ---------    ---------    ---------

 STEEPD> Minimization exiting with number of steps limit (       100) exceeded.

STPD MIN: Cycle      ENERgy      Delta-E         GRMS    Step-size
STPD INTERN:          BONDs       ANGLes       UREY-b    DIHEdrals    IMPRopers
STPD CROSS:           CMAPs        PMF1D        PMF2D        PRIMO
STPD EXTERN:        VDWaals         ELEC       HBONds          ASP         USER
STPD CONSTR:       HARMonic    CDIHedral          CIC     RESDistance       NOE
 ----------       ---------    ---------    ---------    ---------    ---------
STPD>      100     36.11138      0.93403      2.69974      0.00089
STPD INTERN>        2.38749      5.11363      0.00000      0.75034      0.94836
STPD CROSS>         0.00003      0.00000      0.00000      0.00000
STPD EXTERN>       22.17365      0.00000     -0.01801      0.00000      0.00000
STPD CONSTR>        4.75590      0.00000      0.00000      0.00000      0.00000
 ----------       ---------    ---------    ---------    ---------    ---------
  
 CHARMM>    mini abnr  nstep 100 nprint 20 step 0.005

 NONBOND OPTION FLAGS: 
     ELEC     VDW      ATOMs    CDIElec  SWITch   VATOm    VSWItch 
     BYGRoup  NOEXtnd  NOEWald 
 CUTNB  = 20.000 CTEXNB =999.000 CTONNB = 16.000 CTOFNB = 18.000
 CGONNB =  0.000 CGOFNB = 10.000
 WMIN   =  1.500 WRNMXD =  0.500 E14FAC =  0.400 EPS    = 20.000
 NBXMOD =      5 IONC   = 0.1500
 There are      719 atom  pairs and      177 atom  exclusions.
 There are        0 group pairs and       51 group exclusions.
 Generating nonbond list with Exclusion mode = 5
 == PRIMARY == SPACE FOR      841 ATOM PAIRS AND        0 GROUP PAIRS

 General atom nonbond list generation found:
      719 ATOM PAIRS WERE FOUND FOR ATOM LIST
        6 GROUP PAIRS REQUIRED ATOM SEARCHES

 PRNHBD: CUToff Hydrogen Bond  distance =    6.0000   Angle =  100.0000
         CuT switching ON HB dist. =     4.0000  OFf HB dist. =    5.0000
         CuT switching ON Hb Angle =    90.0000  OFf Hb Angle =   90.0000
         NO ACceptor antecedents included
         All hydrogen bonds for each hydrogen will be found
         Hydrogen bonds between excluded atoms will be kept

 HBFIND-exclusions:     30 due to distance cutoff,       7 due to angle cutoff
 HBEDIT-deletions:       0 due to duplications,          0 due to best-option,
                         0 due to fixed atoms,           0 due to exclusions
 HBEDIT: currently    12 hydrogen bonds present


 ABNER> An energy minimization has been requested.

 EIGRNG =    0.0005000   MINDIM =            5
 NPRINT =           20   NSTEP  =          100
 PSTRCT =    0.0000000   SDSTP  =    0.0050000
 STPLIM =    1.0000000   STRICT =    0.1000000
 TOLFUN =    0.0000000   TOLGRD =    0.0000000
 TOLITR =          100   TOLSTP =    0.0000000
 FMEM   =    0.0000000
MINI MIN: Cycle      ENERgy      Delta-E         GRMS    Step-size
MINI INTERN:          BONDs       ANGLes       UREY-b    DIHEdrals    IMPRopers
MINI CROSS:           CMAPs        PMF1D        PMF2D        PRIMO
MINI EXTERN:        VDWaals         ELEC       HBONds          ASP         USER
MINI CONSTR:       HARMonic    CDIHedral          CIC     RESDistance       NOE
 ----------       ---------    ---------    ---------    ---------    ---------
MINI>        0     36.08824      0.02313      2.14685      0.00000
MINI INTERN>        2.27479      4.93414      0.00000      0.74309      0.96133
MINI CROSS>         0.00003      0.00000      0.00000      0.00000
MINI EXTERN>       22.45703      0.00000     -0.01898      0.00000      0.00000
MINI CONSTR>        4.73682      0.00000      0.00000      0.00000      0.00000
 ----------       ---------    ---------    ---------    ---------    ---------
MINI>       20     32.50491      3.58333      0.86548      0.00918
MINI INTERN>        2.18884      3.85322      0.00000      1.35988      0.47297
MINI CROSS>        -0.00015      0.00000      0.00000      0.00000
MINI EXTERN>       16.94885      0.00000     -0.00984      0.00000      0.00000
MINI CONSTR>        7.69113      0.00000      0.00000      0.00000      0.00000
 ----------       ---------    ---------    ---------    ---------    ---------
MINI>       40     32.02205      0.48286      0.57058      0.00517
MINI INTERN>        1.86790      3.31903      0.00000      1.59995      0.51975
MINI CROSS>        -0.00012      0.00000      0.00000      0.00000
MINI EXTERN>       16.30635      0.00000     -0.01030      0.00000      0.00000
MINI CONSTR>        8.41948      0.00000      0.00000      0.00000      0.00000
 ----------       ---------    ---------    ---------    ---------    ---------
MINI>       60     31.85378      0.16827      0.13008      0.00105
MINI INTERN>        1.71748      3.36355      0.00000      1.76874      0.42419
MINI CROSS>        -0.00007      0.00000      0.00000      0.00000
MINI EXTERN>       14.94817      0.00000     -0.00886      0.00000      0.00000
MINI CONSTR>        9.64057      0.00000      0.00000      0.00000      0.00000
 ----------       ---------    ---------    ---------    ---------    ---------
MINI>       80     31.83932      0.01445      0.11133      0.00098
MINI INTERN>        1.73177      3.33598      0.00000      1.76539      0.44179
MINI CROSS>        -0.00008      0.00000      0.00000      0.00000
MINI EXTERN>       15.06275      0.00000     -0.00856      0.00000      0.00000
MINI CONSTR>        9.51028      0.00000      0.00000      0.00000      0.00000
 ----------       ---------    ---------    ---------    ---------    ---------
MINI>      100     31.83094      0.00838      0.04020      0.00033
MINI INTERN>        1.75470      3.34156      0.00000      1.75871      0.45029
MINI CROSS>        -0.00009      0.00000      0.00000      0.00000
MINI EXTERN>       15.14026      0.00000     -0.00876      0.00000      0.00000
MINI CONSTR>        9.39427      0.00000      0.00000      0.00000      0.00000
 ----------       ---------    ---------    ---------    ---------    ---------

 ABNER> Minimization exiting with number of steps limit (  100) exceeded.

ABNR MIN: Cycle      ENERgy      Delta-E         GRMS    Step-size
ABNR INTERN:          BONDs       ANGLes       UREY-b    DIHEdrals    IMPRopers
ABNR CROSS:           CMAPs        PMF1D        PMF2D        PRIMO
ABNR EXTERN:        VDWaals         ELEC       HBONds          ASP         USER
ABNR CONSTR:       HARMonic    CDIHedral          CIC     RESDistance       NOE
 ----------       ---------    ---------    ---------    ---------    ---------
ABNR>      100     31.83094      0.00838      0.04020      0.00030
ABNR INTERN>        1.75470      3.34156      0.00000      1.75871      0.45029
ABNR CROSS>        -0.00009      0.00000      0.00000      0.00000
ABNR EXTERN>       15.14026      0.00000     -0.00876      0.00000      0.00000
ABNR CONSTR>        9.39427      0.00000      0.00000      0.00000      0.00000
 ----------       ---------    ---------    ---------    ---------    ---------
  
 CHARMM>    cons harm clear
  
 CHARMM>     
  
 CHARMM>    coor stat mass sele all end
 SELRPN>     42 atoms have been selected out of     42
 STATISTICS FOR        42 SELECTED ATOMS:
    XMIN =   -2.162777 XMAX =   19.681372 XAVE =    8.852529
    YMIN =   -2.255457 YMAX =   12.584842 YAVE =    5.989877
    ZMIN =   -2.314669 ZMAX =    2.820065 ZAVE =    0.539737
    WMIN =    0.000000 WMAX =    0.000000 WAVE =    0.000000
  
 CHARMM>    set xcm = ?XAVE
 RDCMND substituted energy or value "?XAVE" to "8.85252878"
 Parameter: XCM <- "8.85252878"
  
 CHARMM>    set ycm = ?YAVE
 RDCMND substituted energy or value "?YAVE" to "5.98987729"
 Parameter: YCM <- "5.98987729"
  
 CHARMM>    set zcm = ?ZAVE
 RDCMND substituted energy or value "?ZAVE" to "0.539736534"
 Parameter: ZCM <- "0.539736534"
  
 CHARMM>     
  
 CHARMM>    coor trans xdir -1.0 ydir 0.0 zdir 0.0 dist @xcm select all end
 Parameter: XCM -> "8.85252878"
 SELRPN>     42 atoms have been selected out of     42
 TRANSLATION VECTOR    -8.852529    0.000000    0.000000
 SELECTED COORDINATES TRANSLATED IN THE MAIN SET.

  
 CHARMM>    coor trans xdir 0.0 ydir -1.0 zdir 0.0 dist @ycm select all end
 Parameter: YCM -> "5.98987729"
 SELRPN>     42 atoms have been selected out of     42
 TRANSLATION VECTOR     0.000000   -5.989877    0.000000
 SELECTED COORDINATES TRANSLATED IN THE MAIN SET.

  
 CHARMM>    coor trans xdir 0.0 ydir 0.0 zdir -1.0 dist @zcm select all end
 Parameter: ZCM -> "0.539736534"
 SELRPN>     42 atoms have been selected out of     42
 TRANSLATION VECTOR     0.000000    0.000000   -0.539737
 SELECTED COORDINATES TRANSLATED IN THE MAIN SET.

  
 CHARMM>     
  
 CHARMM>    open writ card unit 10 name ../s1-gen-ext-struct/@pdbid_ext.pdb
 Parameter: PDBID -> "TEST"
 VOPEN> Attempting to open::../s1-gen-ext-struct/test_ext.pdb::
 OPNLGU> Unit 10 opened for WRITE access to ../s1-gen-ext-struct/test_ext.pdb
  
 CHARMM>    coor writ pdb  unit 10
 RDTITL> * AN EXTENDED STRUCTURE OF TEST
 RDTITL> *
  Write CHARMM-pdb format
  
 CHARMM>    clos unit 10
 VCLOSE: Closing unit   10 with status "KEEP"
  
 CHARMM>     
  
 CHARMM>    open writ card unit 10 name ../s1-gen-ext-struct/@pdbid_ext.psf
 Parameter: PDBID -> "TEST"
 VOPEN> Attempting to open::../s1-gen-ext-struct/test_ext.psf::
 OPNLGU> Unit 10 opened for WRITE access to ../s1-gen-ext-struct/test_ext.psf
  
 CHARMM>    writ psf  card unit 10
 RDTITL> * PSF OF TEST CG SYSTEM
 RDTITL> *
  
 CHARMM>    clos unit 10
 VCLOSE: Closing unit   10 with status "KEEP"
  
 CHARMM>     
  
 CHARMM>    open writ card unit 10 name ../s1-gen-ext-struct/@pdbid_ext.crd
 Parameter: PDBID -> "TEST"
 VOPEN> Attempting to open::../s1-gen-ext-struct/test_ext.crd::
 OPNLGU> Unit 10 opened for WRITE access to ../s1-gen-ext-struct/test_ext.crd
  
 CHARMM>    coor writ card unit 10
 RDTITL> * AN EXTENDED STRUCTURE OF TEST
 RDTITL> *
 VCLOSE: Closing unit   10 with status "KEEP"
  
 CHARMM>    clos unit 10
 CLOLGU>  *****  WARNING  ***** Attempt to close unit that was not open.
  
 CHARMM>    stop
      $$$$$$  New timer profile Local node$$$$$
   Shake Setup                     0.00 Other:            0.00
   Shake time                      0.00 Other:            0.00
      Heuristic check                 0.00 Other:            0.00
   List time                       0.00 Other:            0.00
         Electrostatic & VDW             0.01 Other:            0.00
      Nonbond force                   0.01 Other:            0.00
         Bond energy                     0.00 Other:            0.00
         Angle energy                    0.00 Other:            0.00
         Dihedral energy                 0.00 Other:            0.00
         Restraints energy               0.00 Other:            0.00
      INTRNL energy                   0.01 Other:            0.00
      Comm energy                     0.00 Other:            0.00
      Comm force                      0.00 Other:            0.00
   Energy time                     0.02 Other:            0.00
 Total time                      0.12 Other:            0.10
         $$$$$$  Average   profile $$$$$
   Shake Setup                     0.00 Other:            0.00
   Shake time                      0.00 Other:            0.00
      Heuristic check                 0.00 Other:            0.00
   List time                       0.00 Other:            0.00
         Electrostatic & VDW             0.01 Other:            0.00
      Nonbond force                   0.01 Other:            0.00
         Bond energy                     0.00 Other:            0.00
         Angle energy                    0.00 Other:            0.00
         Dihedral energy                 0.00 Other:            0.00
         Restraints energy               0.00 Other:            0.00
      INTRNL energy                   0.01 Other:            0.00
      Comm energy                     0.00 Other:            0.00
      Comm force                      0.00 Other:            0.00
   Energy time                     0.02 Other:            0.00
 Total time                      0.12 Other:            0.10

                    NORMAL TERMINATION BY NORMAL STOP
                    MOST SEVERE WARNING WAS AT LEVEL  4

                    $$$$$ JOB ACCOUNTING INFORMATION $$$$$
                     ELAPSED TIME:     0.16  SECONDS 
                         CPU TIME:     0.11  SECONDS 
